<?xml version="1.0" encoding="UTF-8"?>
<!-- Generated by org.testng.reporters.JUnitXMLReporter -->
<testsuite ignored="0" hostname="Dell" failures="0" tests="3" name="Default test" time="0.189" errors="0" timestamp="2024-08-30T20:22:42 IST">
  <testcase classname="Dataproviders.Dataprovidertest" name="bookTicketTest" time="0.022"/>
  <testcase classname="Dataproviders.Dataprovidertest" name="bookTicketTest" time="0.004"/>
  <testcase classname="Dataproviders.Dataprovidertest" name="bookTicketTest" time="0.01"/>
</testsuite> <!-- Default test -->
