<?xml version="1.0" encoding="UTF-8"?>
<!-- Generated by org.testng.reporters.JUnitXMLReporter -->
<testsuite ignored="0" hostname="Dell" failures="1" tests="6" name="Test runner1" time="0.35" errors="0" timestamp="2024-08-28T16:18:31 IST">
  <testcase classname="distributedparallel.test6" name="demo1" time="0.02"/>
  <testcase classname="distributedparallel.test6" name="demo2" time="0.004"/>
  <testcase classname="distributedparallel.test5" name="demo1" time="0.009">
    <failure type="java.lang.AssertionError" message="null">
      <![CDATA[java.lang.AssertionError: null
at distributedparallel.test5.demo1(test5.java:12)
at java.base/java.util.ArrayList.forEach(ArrayList.java:1511)
at java.base/java.util.concurrent.FutureTask.run(FutureTask.java:264)
at java.base/java.util.concurrent.ThreadPoolExecutor.runWorker(ThreadPoolExecutor.java:1136)
at java.base/java.util.concurrent.ThreadPoolExecutor$Worker.run(ThreadPoolExecutor.java:635)
at java.base/java.lang.Thread.run(Thread.java:833)
... Removed 19 stack frames]]>
    </failure>
  </testcase> <!-- demo1 -->
  <testcase classname="distributedparallel.test5" name="demo2" time="0.044"/>
  <testcase classname="distributedparallel.test4" name="demo1" time="0.042"/>
  <testcase classname="distributedparallel.test4" name="demo2" time="0.011"/>
</testsuite> <!-- Test runner1 -->
