<?xml version="1.0" encoding="UTF-8"?>
<!-- Generated by org.testng.reporters.JUnitXMLReporter -->
<testsuite ignored="2" hostname="Dell" failures="0" tests="2" name="Test runner2(failed)" time="0.163" errors="0" timestamp="2024-08-30T20:20:40 IST">
  <testcase classname="distributedparallel.test1" name="demo1" time="0.024"/>
  <testcase classname="distributedparallel.test3" name="demo2" time="0.011"/>
  <testcase classname="distributedparallel.test3" name="demo1" time="0.0">
    <ignored/>
  </testcase> <!-- demo1 -->
  <testcase classname="distributedparallel.test1" name="demo2" time="0.0">
    <ignored/>
  </testcase> <!-- demo2 -->
</testsuite> <!-- Test runner2(failed) -->
