<?xml version="1.0" encoding="UTF-8"?>
<testng-results ignored="0" total="3" passed="3" failed="0" skipped="0">
  <reporter-output>
  </reporter-output>
  <suite started-at="2024-08-30T20:22:42 IST" name="Default suite" finished-at="2024-08-30T20:22:42 IST" duration-ms="189">
    <groups>
    </groups>
    <test started-at="2024-08-30T20:22:42 IST" name="Default test" finished-at="2024-08-30T20:22:42 IST" duration-ms="189">
      <class name="Dataproviders.Dataprovidertest">
        <test-method signature="bookTicketTest(java.lang.String,java.lang.String)[pri:0, instance:Dataproviders.Dataprovidertest@433defed]" started-at="2024-08-30T20:22:42 IST" name="bookTicketTest" data-provider="data" finished-at="2024-08-30T20:22:42 IST" duration-ms="22" status="PASS">
          <params>
            <param index="0">
              <value>
                <![CDATA[hyd]]>
              </value>
            </param>
            <param index="1">
              <value>
                <![CDATA[hyd]]>
              </value>
            </param>
          </params>
          <reporter-output>
          </reporter-output>
        </test-method> <!-- bookTicketTest -->
        <test-method signature="bookTicketTest(java.lang.String,java.lang.String)[pri:0, instance:Dataproviders.Dataprovidertest@433defed]" started-at="2024-08-30T20:22:42 IST" name="bookTicketTest" data-provider="data" finished-at="2024-08-30T20:22:42 IST" duration-ms="4" status="PASS">
          <params>
            <param index="0">
              <value>
                <![CDATA[hyd]]>
              </value>
            </param>
            <param index="1">
              <value>
                <![CDATA[kolkata]]>
              </value>
            </param>
          </params>
          <reporter-output>
          </reporter-output>
        </test-method> <!-- bookTicketTest -->
        <test-method signature="bookTicketTest(java.lang.String,java.lang.String)[pri:0, instance:Dataproviders.Dataprovidertest@433defed]" started-at="2024-08-30T20:22:42 IST" name="bookTicketTest" data-provider="data" finished-at="2024-08-30T20:22:42 IST" duration-ms="10" status="PASS">
          <params>
            <param index="0">
              <value>
                <![CDATA[hyd]]>
              </value>
            </param>
            <param index="1">
              <value>
                <![CDATA[kochi]]>
              </value>
            </param>
          </params>
          <reporter-output>
          </reporter-output>
        </test-method> <!-- bookTicketTest -->
      </class> <!-- Dataproviders.Dataprovidertest -->
    </test> <!-- Default test -->
  </suite> <!-- Default suite -->
</testng-results>
